<?xml version="1.0" encoding="UTF-8"?>
<testng-results ignored="4" total="5" passed="1" failed="0" skipped="0">
  <reporter-output>
  </reporter-output>
  <suite started-at="2022-07-29T15:47:50 IST" name="Default suite" finished-at="2022-07-29T15:47:52 IST" duration-ms="2751">
    <groups>
    </groups>
    <test started-at="2022-07-29T15:47:50 IST" name="Default test" finished-at="2022-07-29T15:47:52 IST" duration-ms="2751">
      <class name="speed.SignUp">
        <test-method signature="signup_with_AlreadyRegisteredEmail()[pri:0, instance:speed.SignUp@15aab8c6]" started-at="2022-07-29T15:47:50 IST" name="signup_with_AlreadyRegisteredEmail" finished-at="2022-07-29T15:47:52 IST" duration-ms="2714" status="PASS">
          <reporter-output>
          </reporter-output>
        </test-method> <!-- signup_with_AlreadyRegisteredEmail -->
      </class> <!-- speed.SignUp -->
    </test> <!-- Default test -->
  </suite> <!-- Default suite -->
</testng-results>
