<?xml version="1.0" encoding="UTF-8"?>
<testng-results ignored="0" total="1" passed="1" failed="0" skipped="0">
  <reporter-output>
  </reporter-output>
  <suite started-at="2022-07-27T16:34:48 IST" name="Default suite" finished-at="2022-07-27T16:34:52 IST" duration-ms="3452">
    <groups>
    </groups>
    <test started-at="2022-07-27T16:34:48 IST" name="Default test" finished-at="2022-07-27T16:34:52 IST" duration-ms="3452">
      <class name="speed.Login">
        <test-method signature="name()[pri:0, instance:speed.Login@793be5ca]" started-at="2022-07-27T16:34:48 IST" name="name" finished-at="2022-07-27T16:34:52 IST" duration-ms="3420" status="PASS">
          <reporter-output>
          </reporter-output>
        </test-method> <!-- name -->
      </class> <!-- speed.Login -->
    </test> <!-- Default test -->
  </suite> <!-- Default suite -->
</testng-results>
