<?xml version="1.0" encoding="UTF-8"?>
<!-- Generated by org.testng.reporters.JUnitReportReporter -->
<testsuite hostname="DESKTOP-CC6P9CR" failures="0" tests="4" name="speed.ResendVerificationCode" time="6.655" errors="0" timestamp="2022-07-26T10:43:12 IST" skipped="3">
  <testcase classname="speed.ResendVerificationCode" name="resendVerificationCode_InvalidRequest" time="6.655"/>
  <system-out/>
  <testcase classname="speed.ResendVerificationCode" name="resendVerificationCode_ValidRequest">
    <skipped/>
  </testcase> <!-- resendVerificationCode_ValidRequest -->
  <system-out/>
  <testcase classname="speed.ResendVerificationCode" name="resendVerificationCode_EmailAlreadyVerify">
    <skipped/>
  </testcase> <!-- resendVerificationCode_EmailAlreadyVerify -->
  <system-out/>
  <testcase classname="speed.ResendVerificationCode" name="resendVerificationCode_UserDoesNotExist">
    <skipped/>
  </testcase> <!-- resendVerificationCode_UserDoesNotExist -->
  <system-out/>
</testsuite> <!-- speed.ResendVerificationCode -->
