<?xml version="1.0" encoding="UTF-8"?>
<!-- Generated by org.testng.reporters.JUnitXMLReporter -->
<testsuite ignored="1" hostname="DESKTOP-CC6P9CR" failures="0" tests="4" name="Test" time="3.634" errors="0" timestamp="2022-08-03T14:18:36 IST">
  <testcase classname="speed.SignUp" name="signup_with_AlreadyRegisteredEmail" time="1.889"/>
  <testcase classname="speed.SignUp" name="signup_with_EmptyDataField" time="0.978"/>
  <testcase classname="speed.SignUp" name="signup_with_ExceedPassword" time="0.375"/>
  <testcase classname="speed.SignUp" name="signup_with_InvalidEmailFormat" time="0.356"/>
  <testcase classname="speed.SignUp" name="signup_with_ValidData" time="0.0">
    <ignored/>
  </testcase> <!-- signup_with_ValidData -->
</testsuite> <!-- Test -->
