<?xml version="1.0" encoding="UTF-8"?>
<!-- Generated by org.testng.reporters.JUnitXMLReporter -->
<testsuite ignored="4" hostname="DESKTOP-CC6P9CR" failures="0" tests="1" name="Default test" time="2.353" errors="0" timestamp="2022-07-25T11:55:35 IST">
  <testcase classname="speed.SignUp" name="SignUp_With_ValidData" time="2.317"/>
  <testcase classname="speed.SignUp" name="SignUp_With_AlreadyRegisteredEmail" time="0.0">
    <ignored/>
  </testcase> <!-- SignUp_With_AlreadyRegisteredEmail -->
  <testcase classname="speed.SignUp" name="SignUp_With_EmptyDataField" time="0.0">
    <ignored/>
  </testcase> <!-- SignUp_With_EmptyDataField -->
  <testcase classname="speed.SignUp" name="SignUp_With_ExceedPassword" time="0.0">
    <ignored/>
  </testcase> <!-- SignUp_With_ExceedPassword -->
  <testcase classname="speed.SignUp" name="SignUp_With_InvalidEmailFormat" time="0.0">
    <ignored/>
  </testcase> <!-- SignUp_With_InvalidEmailFormat -->
</testsuite> <!-- Default test -->
