<?xml version="1.0" encoding="UTF-8"?>
<!-- Generated by org.testng.reporters.JUnitXMLReporter -->
<testsuite ignored="4" hostname="DESKTOP-CC6P9CR" failures="0" tests="2" name="Default test" time="5.427" errors="0" timestamp="2022-07-25T17:48:42 IST">
  <testcase classname="speed.VerifySignEmail" name="connectDataBase" time="3.014"/>
  <testcase classname="speed.VerifySignEmail" name="verifyEmail_with_AlreadyUsedLink" time="2.379"/>
  <testcase classname="speed.VerifySignEmail" name="verifyEmail_with_ExpiredLink" time="0.0">
    <ignored/>
  </testcase> <!-- verifyEmail_with_ExpiredLink -->
  <testcase classname="speed.VerifySignEmail" name="verifyEmail_with_ValidLink" time="0.0">
    <ignored/>
  </testcase> <!-- verifyEmail_with_ValidLink -->
  <testcase classname="speed.VerifySignEmail" name="verifyEmail_with_Invalidlink" time="0.0">
    <ignored/>
  </testcase> <!-- verifyEmail_with_Invalidlink -->
  <testcase classname="speed.VerifySignEmail" name="verifyEmail_with_EmptyLink" time="0.0">
    <ignored/>
  </testcase> <!-- verifyEmail_with_EmptyLink -->
</testsuite> <!-- Default test -->
