<?xml version="1.0" encoding="UTF-8"?>
<!-- Generated by org.testng.reporters.JUnitXMLReporter -->
<testsuite ignored="4" hostname="DESKTOP-CC6P9CR" failures="0" tests="1" name="Default test(failed)" time="2.527" errors="0" timestamp="2022-08-02T14:36:24 IST">
  <testcase classname="speed.SignUp" name="signup_with_EmptyDataField" time="2.499"/>
  <testcase classname="speed.SignUp" name="signup_with_AlreadyRegisteredEmail" time="0.0">
    <ignored/>
  </testcase> <!-- signup_with_AlreadyRegisteredEmail -->
  <testcase classname="speed.SignUp" name="signup_with_InvalidEmailFormat" time="0.0">
    <ignored/>
  </testcase> <!-- signup_with_InvalidEmailFormat -->
  <testcase classname="speed.SignUp" name="signup_with_ValidData" time="0.0">
    <ignored/>
  </testcase> <!-- signup_with_ValidData -->
  <testcase classname="speed.SignUp" name="signup_with_ExceedPassword" time="0.0">
    <ignored/>
  </testcase> <!-- signup_with_ExceedPassword -->
</testsuite> <!-- Default test(failed) -->
